[2024-12-05 09:39:23] New user registered: Username=ELic, Email=Elicmacha@gmail.com, IP=::1
[2024-12-05 09:51:13] Failed Login: Username not found (ELic), IP=::1
[2024-12-05 09:52:04] Failed Login: Username not found (ELic), IP=::1
[2024-12-05 09:53:22] New user registered: Username=Shinjiknows, Email=machariaelick1454@gmail.com, IP=::1
[2024-12-05 09:53:59] Failed Login: Username not found (Shinjiknows), IP=::1
[2024-12-05 10:06:44] New user registered: Username=ric, Email=bchb@gmail.com, IP=::1
[2024-12-05 10:08:31] Failed Login: Username not found (ric), IP=::1
[2024-12-05 10:09:43] Failed Login: Username not found (ric), IP=::1
[2024-12-05 10:20:41] Failed Login: Username not found (Shinjiknows), IP=::1
[2024-12-05 10:20:54] Failed Login: Username not found (ric), IP=::1
[2024-12-09 11:02:54] KLRs69lNZ8pFIpnXOMVHFkshjqgl4JWnZUxNzib1WzfXg+Tdh8zHBR8zDTrxQMXqoKe/q4bKk6oyW93tNIHRAQ==
[2024-12-09 11:06:40] KLRs69lNZ8pFIpnXOMVHFkshjqgl4JWnZUxNzib1WzfXg+Tdh8zHBR8zDTrxQMXqoKe/q4bKk6oyW93tNIHRAQ==
[2024-12-09 11:06:51] KLRs69lNZ8pFIpnXOMVHFkshjqgl4JWnZUxNzib1WzfXg+Tdh8zHBR8zDTrxQMXqoKe/q4bKk6oyW93tNIHRAQ==
[2024-12-09 11:10:24] KLRs69lNZ8pFIpnXOMVHFkshjqgl4JWnZUxNzib1WzfXg+Tdh8zHBR8zDTrxQMXqoKe/q4bKk6oyW93tNIHRAQ==
[2024-12-09 11:10:39] KLRs69lNZ8pFIpnXOMVHFkshjqgl4JWnZUxNzib1WzfXg+Tdh8zHBR8zDTrxQMXqoKe/q4bKk6oyW93tNIHRAQ==
[2024-12-09 11:14:34] KLRs69lNZ8pFIpnXOMVHFkshjqgl4JWnZUxNzib1WzfXg+Tdh8zHBR8zDTrxQMXqoKe/q4bKk6oyW93tNIHRAQ==
[2024-12-09 11:14:47] KLRs69lNZ8pFIpnXOMVHFkshjqgl4JWnZUxNzib1WzfXg+Tdh8zHBR8zDTrxQMXqoKe/q4bKk6oyW93tNIHRAQ==
[2024-12-09 11:14:58] KLRs69lNZ8pFIpnXOMVHFkshjqgl4JWnZUxNzib1WzfXg+Tdh8zHBR8zDTrxQMXqoKe/q4bKk6oyW93tNIHRAQ==
[2024-12-11 00:28:48] New user registered: Username=macharia, Email=macharia@gmail.com, IP=::1
[2024-12-11 00:30:53] KLRs69lNZ8pFIpnXOMVHFkshjqgl4JWnZUxNzib1WzeTwR4sKusfjx6ml+a/ruCjd2hxfHBMPOgpb0vmQUHLcA==
[2024-12-11 00:38:49] KLRs69lNZ8pFIpnXOMVHFkshjqgl4JWnZUxNzib1WzeTwR4sKusfjx6ml+a/ruCjd2hxfHBMPOgpb0vmQUHLcA==
[2024-12-11 00:38:53] KLRs69lNZ8pFIpnXOMVHFkshjqgl4JWnZUxNzib1WzeTwR4sKusfjx6ml+a/ruCjd2hxfHBMPOgpb0vmQUHLcA==
[2024-12-11 00:39:03] KLRs69lNZ8pFIpnXOMVHFkshjqgl4JWnZUxNzib1WzeTwR4sKusfjx6ml+a/ruCjd2hxfHBMPOgpb0vmQUHLcA==
[2024-12-11 00:39:16] KLRs69lNZ8pFIpnXOMVHFkshjqgl4JWnZUxNzib1WzeTwR4sKusfjx6ml+a/ruCjd2hxfHBMPOgpb0vmQUHLcA==
[2024-12-11 00:41:09] KLRs69lNZ8pFIpnXOMVHFkshjqgl4JWnZUxNzib1WzeTwR4sKusfjx6ml+a/ruCjd2hxfHBMPOgpb0vmQUHLcA==
[2024-12-11 00:41:47] KLRs69lNZ8pFIpnXOMVHFkshjqgl4JWnZUxNzib1WzdCZT2j/9uESBJ1Klh7kIFQ1BCsgP+8qmSJlaFsTwJ6Ww==
[2024-12-11 00:43:56] KLRs69lNZ8pFIpnXOMVHFkshjqgl4JWnZUxNzib1WzeTwR4sKusfjx6ml+a/ruCjd2hxfHBMPOgpb0vmQUHLcA==
[2024-12-11 00:58:33] KLRs69lNZ8pFIpnXOMVHFkshjqgl4JWnZUxNzib1WzeTwR4sKusfjx6ml+a/ruCjd2hxfHBMPOgpb0vmQUHLcA==
[2024-12-11 01:01:52] KLRs69lNZ8pFIpnXOMVHFkshjqgl4JWnZUxNzib1WzeTwR4sKusfjx6ml+a/ruCjd2hxfHBMPOgpb0vmQUHLcA==
[2024-12-11 01:03:34] KLRs69lNZ8pFIpnXOMVHFkshjqgl4JWnZUxNzib1WzeTwR4sKusfjx6ml+a/ruCjd2hxfHBMPOgpb0vmQUHLcA==
[2024-12-11 01:03:43] KLRs69lNZ8pFIpnXOMVHFkshjqgl4JWnZUxNzib1WzeTwR4sKusfjx6ml+a/ruCjd2hxfHBMPOgpb0vmQUHLcA==
[2024-12-11 01:05:07] /0C1SVh31JC1aCI61RRZmJ54FAhjWHEWnMpxl26go7/ULRlaXI/bu7WwMRvd7vBtozdOGsrjPN7EToElZhEn1w==
[2024-12-11 01:05:19] /0C1SVh31JC1aCI61RRZmJ54FAhjWHEWnMpxl26go7/ULRlaXI/bu7WwMRvd7vBtozdOGsrjPN7EToElZhEn1w==
[2024-12-11 01:05:46] /0C1SVh31JC1aCI61RRZmJ54FAhjWHEWnMpxl26go7/ULRlaXI/bu7WwMRvd7vBtozdOGsrjPN7EToElZhEn1w==
[2024-12-11 01:06:33] New user registered: Username=clinton, Email=clinton@gmail.com, IP=::1
[2024-12-11 01:07:11] /0C1SVh31JC1aCI61RRZmJ54FAhjWHEWnMpxl26go7/ULRlaXI/bu7WwMRvd7vBtozdOGsrjPN7EToElZhEn1w==
[2024-12-11 01:07:25] /0C1SVh31JC1aCI61RRZmJ54FAhjWHEWnMpxl26go79AO8xzDllknnHS3qx1NbMybd0+j+9MM+rvsdJUD8sZDw==
[2024-12-11 01:07:55] /0C1SVh31JC1aCI61RRZmJ54FAhjWHEWnMpxl26go79AO8xzDllknnHS3qx1NbMybd0+j+9MM+rvsdJUD8sZDw==
[2024-12-11 01:08:22] KLRs69lNZ8pFIpnXOMVHFkshjqgl4JWnZUxNzib1WzcYksdYCL8TqnS4/S6ZHcwDMe9m83P4CqeRqRtZCfZtfA==
[2024-12-11 01:12:21] KLRs69lNZ8pFIpnXOMVHFkshjqgl4JWnZUxNzib1WzcYksdYCL8TqnS4/S6ZHcwDMe9m83P4CqeRqRtZCfZtfA==
[2024-12-11 01:12:53] KLRs69lNZ8pFIpnXOMVHFkshjqgl4JWnZUxNzib1WzeTwR4sKusfjx6ml+a/ruCjd2hxfHBMPOgpb0vmQUHLcA==
[2024-12-11 01:13:53] KLRs69lNZ8pFIpnXOMVHFkshjqgl4JWnZUxNzib1WzeTwR4sKusfjx6ml+a/ruCjd2hxfHBMPOgpb0vmQUHLcA==
[2024-12-11 01:18:33] SZ+1Oqp7IsmA8EHlY99VAEGabhr/+oBduFnjXayHSy9JtTKbi+PpXT8rMY8ZsAhL
[2024-12-11 01:18:43] SZ+1Oqp7IsmA8EHlY99VAEGabhr/+oBduFnjXayHSy9JtTKbi+PpXT8rMY8ZsAhL
[2024-12-11 01:19:14] SZ+1Oqp7IsmA8EHlY99VAEGabhr/+oBduFnjXayHSy9JtTKbi+PpXT8rMY8ZsAhL
[2024-12-11 01:20:09] SZ+1Oqp7IsmA8EHlY99VAOtjmSN4EPpe5RZ9T87HUyWV5S57P05n9S8pp3ngSDlr
[2024-12-11 01:20:28] KLRs69lNZ8pFIpnXOMVHFkshjqgl4JWnZUxNzib1WzcYksdYCL8TqnS4/S6ZHcwDMe9m83P4CqeRqRtZCfZtfA==
[2024-12-11 01:20:57] KLRs69lNZ8pFIpnXOMVHFkshjqgl4JWnZUxNzib1WzcYksdYCL8TqnS4/S6ZHcwDMe9m83P4CqeRqRtZCfZtfA==
[2024-12-11 01:23:27] SZ+1Oqp7IsmA8EHlY99VAEGabhr/+oBduFnjXayHSy9JtTKbi+PpXT8rMY8ZsAhL
[2024-12-11 01:56:36] KLRs69lNZ8pFIpnXOMVHFkshjqgl4JWnZUxNzib1WzcYksdYCL8TqnS4/S6ZHcwDMe9m83P4CqeRqRtZCfZtfA==
[2024-12-11 01:57:32] KLRs69lNZ8pFIpnXOMVHFkshjqgl4JWnZUxNzib1WzfXg+Tdh8zHBR8zDTrxQMXqoKe/q4bKk6oyW93tNIHRAQ==
[2024-12-11 01:58:16] KLRs69lNZ8pFIpnXOMVHFkshjqgl4JWnZUxNzib1WzfXg+Tdh8zHBR8zDTrxQMXqoKe/q4bKk6oyW93tNIHRAQ==
[2024-12-11 01:58:23] KLRs69lNZ8pFIpnXOMVHFkshjqgl4JWnZUxNzib1WzfXg+Tdh8zHBR8zDTrxQMXqoKe/q4bKk6oyW93tNIHRAQ==
[2024-12-11 01:58:30] KLRs69lNZ8pFIpnXOMVHFkshjqgl4JWnZUxNzib1WzfXg+Tdh8zHBR8zDTrxQMXqoKe/q4bKk6oyW93tNIHRAQ==
[2024-12-11 01:59:00] KLRs69lNZ8pFIpnXOMVHFkshjqgl4JWnZUxNzib1WzcYksdYCL8TqnS4/S6ZHcwDMe9m83P4CqeRqRtZCfZtfA==
[2024-12-11 01:59:21] KLRs69lNZ8pFIpnXOMVHFkshjqgl4JWnZUxNzib1WzcYksdYCL8TqnS4/S6ZHcwDMe9m83P4CqeRqRtZCfZtfA==
[2024-12-11 01:59:39] KLRs69lNZ8pFIpnXOMVHFkshjqgl4JWnZUxNzib1WzcYksdYCL8TqnS4/S6ZHcwDMe9m83P4CqeRqRtZCfZtfA==
[2024-12-11 02:03:33] KLRs69lNZ8pFIpnXOMVHFkshjqgl4JWnZUxNzib1WzcYksdYCL8TqnS4/S6ZHcwDMe9m83P4CqeRqRtZCfZtfA==
[2024-12-11 02:14:35] KLRs69lNZ8pFIpnXOMVHFkshjqgl4JWnZUxNzib1WzcYksdYCL8TqnS4/S6ZHcwDMe9m83P4CqeRqRtZCfZtfA==
[2024-12-11 02:14:43] KLRs69lNZ8pFIpnXOMVHFkshjqgl4JWnZUxNzib1WzcYksdYCL8TqnS4/S6ZHcwDMe9m83P4CqeRqRtZCfZtfA==
[2024-12-11 02:14:49] KLRs69lNZ8pFIpnXOMVHFkshjqgl4JWnZUxNzib1WzcYksdYCL8TqnS4/S6ZHcwDMe9m83P4CqeRqRtZCfZtfA==
[2024-12-11 02:15:13] KLRs69lNZ8pFIpnXOMVHFkshjqgl4JWnZUxNzib1WzcYksdYCL8TqnS4/S6ZHcwDMe9m83P4CqeRqRtZCfZtfA==
[2024-12-11 02:41:16] KLRs69lNZ8pFIpnXOMVHFkshjqgl4JWnZUxNzib1WzcYksdYCL8TqnS4/S6ZHcwDMe9m83P4CqeRqRtZCfZtfA==
[2024-12-11 02:41:22] KLRs69lNZ8pFIpnXOMVHFkshjqgl4JWnZUxNzib1WzcYksdYCL8TqnS4/S6ZHcwDMe9m83P4CqeRqRtZCfZtfA==
[2024-12-11 02:41:58] KLRs69lNZ8pFIpnXOMVHFkshjqgl4JWnZUxNzib1WzcYksdYCL8TqnS4/S6ZHcwDMe9m83P4CqeRqRtZCfZtfA==
[2024-12-11 02:42:05] KLRs69lNZ8pFIpnXOMVHFkshjqgl4JWnZUxNzib1WzcYksdYCL8TqnS4/S6ZHcwDMe9m83P4CqeRqRtZCfZtfA==
[2024-12-11 02:42:29] ssJbyHQFvup/pX+LYLDIMZr4K0fBMXSZa3XJoScoGta5g0N69tMMoydMU9+SPo7jBcVaUfokWhtgA+LR+zdolg==
[2024-12-11 02:42:29] KLRs69lNZ8pFIpnXOMVHFkshjqgl4JWnZUxNzib1WzcYksdYCL8TqnS4/S6ZHcwDMe9m83P4CqeRqRtZCfZtfA==
[2024-12-11 02:42:56] ssJbyHQFvup/pX+LYLDIMZr4K0fBMXSZa3XJoScoGta5g0N69tMMoydMU9+SPo7jBcVaUfokWhtgA+LR+zdolg==
[2024-12-11 02:42:57] KLRs69lNZ8pFIpnXOMVHFkshjqgl4JWnZUxNzib1WzcYksdYCL8TqnS4/S6ZHcwDMe9m83P4CqeRqRtZCfZtfA==
[2024-12-11 02:46:02] ssJbyHQFvup/pX+LYLDIMZr4K0fBMXSZa3XJoScoGta5g0N69tMMoydMU9+SPo7jBcVaUfokWhtgA+LR+zdolg==
[2024-12-11 02:46:03] KLRs69lNZ8pFIpnXOMVHFkshjqgl4JWnZUxNzib1WzcYksdYCL8TqnS4/S6ZHcwDMe9m83P4CqeRqRtZCfZtfA==
[2024-12-11 02:46:09] ssJbyHQFvup/pX+LYLDIMZr4K0fBMXSZa3XJoScoGta5g0N69tMMoydMU9+SPo7jBcVaUfokWhtgA+LR+zdolg==
[2024-12-11 02:46:10] KLRs69lNZ8pFIpnXOMVHFkshjqgl4JWnZUxNzib1WzcYksdYCL8TqnS4/S6ZHcwDMe9m83P4CqeRqRtZCfZtfA==
[2024-12-11 02:46:23] ssJbyHQFvup/pX+LYLDIMZr4K0fBMXSZa3XJoScoGta5g0N69tMMoydMU9+SPo7jBcVaUfokWhtgA+LR+zdolg==
[2024-12-11 02:46:24] KLRs69lNZ8pFIpnXOMVHFkshjqgl4JWnZUxNzib1WzcYksdYCL8TqnS4/S6ZHcwDMe9m83P4CqeRqRtZCfZtfA==
[2024-12-11 02:54:09] ssJbyHQFvup/pX+LYLDIMZr4K0fBMXSZa3XJoScoGta5g0N69tMMoydMU9+SPo7jBcVaUfokWhtgA+LR+zdolg==
[2024-12-11 02:54:09] KLRs69lNZ8pFIpnXOMVHFkshjqgl4JWnZUxNzib1WzcYksdYCL8TqnS4/S6ZHcwDMe9m83P4CqeRqRtZCfZtfA==
[2024-12-11 02:58:47] ssJbyHQFvup/pX+LYLDIMZr4K0fBMXSZa3XJoScoGta5g0N69tMMoydMU9+SPo7jBcVaUfokWhtgA+LR+zdolg==
[2024-12-11 02:59:26] ssJbyHQFvup/pX+LYLDIMZr4K0fBMXSZa3XJoScoGta5g0N69tMMoydMU9+SPo7jBcVaUfokWhtgA+LR+zdolg==
[2024-12-11 03:00:14] ssJbyHQFvup/pX+LYLDIMZr4K0fBMXSZa3XJoScoGta5g0N69tMMoydMU9+SPo7jBcVaUfokWhtgA+LR+zdolg==
[2024-12-11 03:02:12] KLRs69lNZ8pFIpnXOMVHFkshjqgl4JWnZUxNzib1WzeTwR4sKusfjx6ml+a/ruCjd2hxfHBMPOgpb0vmQUHLcA==
[2024-12-11 03:02:18] KLRs69lNZ8pFIpnXOMVHFkshjqgl4JWnZUxNzib1WzeTwR4sKusfjx6ml+a/ruCjd2hxfHBMPOgpb0vmQUHLcA==
[2024-12-11 03:02:25] KLRs69lNZ8pFIpnXOMVHFkshjqgl4JWnZUxNzib1WzeTwR4sKusfjx6ml+a/ruCjd2hxfHBMPOgpb0vmQUHLcA==
[2024-12-11 03:02:46] KLRs69lNZ8pFIpnXOMVHFkshjqgl4JWnZUxNzib1WzeTwR4sKusfjx6ml+a/ruCjd2hxfHBMPOgpb0vmQUHLcA==
[2024-12-11 03:02:53] KLRs69lNZ8pFIpnXOMVHFkshjqgl4JWnZUxNzib1WzeTwR4sKusfjx6ml+a/ruCjd2hxfHBMPOgpb0vmQUHLcA==
[2024-12-11 03:03:13] ssJbyHQFvup/pX+LYLDIMZr4K0fBMXSZa3XJoScoGtYgKg0Y8fGWWb+qK4DgvyWccGEn3mH1LI5hCvrrpNzOmA==
[2024-12-11 03:06:56] ssJbyHQFvup/pX+LYLDIMZr4K0fBMXSZa3XJoScoGtYgKg0Y8fGWWb+qK4DgvyWccGEn3mH1LI5hCvrrpNzOmA==
